BikeAtHome/Android/gen/build/intermediates/manifest_merge_blame_file/release/manifest-merger-blame-release-report.txt
1<?xml version="1.0" encoding="utf-8"?>
2<manifest xmlns:android="http://schemas.android.com/apk/res/android"
3    package="com.masociete.wm_todo_list"
4    android:installLocation="auto"
5    android:versionCode="11"
6    android:versionName="1.0.9.0" >
7
8    <uses-sdk
8-->Android\gen\AndroidManifest.xml:2:3892-3960
9        android:minSdkVersion="21"
9-->Android\gen\AndroidManifest.xml:2:3902-3928
10        android:targetSdkVersion="29" />
10-->Android\gen\AndroidManifest.xml:2:3929-3958
11
12    <supports-screens
12-->Android\gen\AndroidManifest.xml:2:3960-4119
13        android:anyDensity="true"
13-->Android\gen\AndroidManifest.xml:2:4092-4117
14        android:largeScreens="true"
14-->Android\gen\AndroidManifest.xml:2:4035-4062
15        android:normalScreens="true"
15-->Android\gen\AndroidManifest.xml:2:4006-4034
16        android:smallScreens="true"
16-->Android\gen\AndroidManifest.xml:2:3978-4005
17        android:xlargeScreens="true" />
17-->Android\gen\AndroidManifest.xml:2:4063-4091
18
19    <uses-permission android:name="android.permission.WRITE_EXTERNAL_STORAGE" />
19-->Android\gen\AndroidManifest.xml:2:4119-4194
19-->Android\gen\AndroidManifest.xml:2:4136-4192
20
21    <application
21-->Android\gen\AndroidManifest.xml:2:240-3892
22        android:name="fr.pcsoft.wdjava.core.application.WDAndroidApp"
22-->Android\gen\AndroidManifest.xml:2:253-314
23        android:appComponentFactory="androidx.core.app.CoreComponentFactory"
23-->[androidx.core:core:1.1.0] AndroidManifest.xml:24:18-86
24        android:icon="@drawable/i_c_o_n_e________2"
24-->Android\gen\AndroidManifest.xml:2:348-391
25        android:label="@string/app_name"
25-->Android\gen\AndroidManifest.xml:2:315-347
26        android:largeHeap="true"
26-->Android\gen\AndroidManifest.xml:2:392-416
27        android:requestLegacyExternalStorage="true"
27-->Android\gen\AndroidManifest.xml:2:488-531
28        android:resizeableActivity="true"
28-->Android\gen\AndroidManifest.xml:2:418-451
29        android:usesCleartextTraffic="true" >
29-->Android\gen\AndroidManifest.xml:2:452-487
30        <activity
30-->Android\gen\AndroidManifest.xml:2:532-946
31            android:name="com.masociete.wm_todo_list.wdgen.GWDPBikeAtHome$WDLanceur"
31-->Android\gen\AndroidManifest.xml:2:542-588
32            android:configChanges="keyboardHidden|orientation|screenSize|keyboard|smallestScreenSize|screenLayout"
32-->Android\gen\AndroidManifest.xml:2:691-793
33            android:label="@string/app_name"
33-->Android\gen\AndroidManifest.xml:2:589-621
34            android:theme="@style/Theme.AppCompat.Light.NoActionBar.Translucent" >
34-->Android\gen\AndroidManifest.xml:2:622-690
35            <intent-filter>
35-->Android\gen\AndroidManifest.xml:2:794-935
36                <action android:name="android.intent.action.MAIN" />
36-->Android\gen\AndroidManifest.xml:2:809-860
36-->Android\gen\AndroidManifest.xml:2:817-858
37
38                <category android:name="android.intent.category.LAUNCHER" />
38-->Android\gen\AndroidManifest.xml:2:860-919
38-->Android\gen\AndroidManifest.xml:2:870-917
39            </intent-filter>
40        </activity>
41        <activity
41-->Android\gen\AndroidManifest.xml:2:946-1237
42            android:name="com.masociete.wm_todo_list.wdgen.GWDFFEN_Liste$WDActiviteFenetre"
42-->Android\gen\AndroidManifest.xml:2:956-1009
43            android:configChanges="keyboardHidden|orientation|screenSize|keyboard|smallestScreenSize|screenLayout|uiMode"
43-->Android\gen\AndroidManifest.xml:2:1010-1119
44            android:hardwareAccelerated="false"
44-->Android\gen\AndroidManifest.xml:2:1200-1235
45            android:screenOrientation="sensorPortrait"
45-->Android\gen\AndroidManifest.xml:2:1157-1199
46            android:theme="@android:style/Theme" />
46-->Android\gen\AndroidManifest.xml:2:1120-1156
47        <activity
47-->Android\gen\AndroidManifest.xml:2:1237-1500
48            android:name="com.masociete.wm_todo_list.wdgen.GWDFFEN_Saisie_Seance$WDActiviteFenetre"
48-->Android\gen\AndroidManifest.xml:2:1247-1308
49            android:configChanges="keyboardHidden|orientation|screenSize|keyboard|smallestScreenSize|screenLayout|uiMode"
49-->Android\gen\AndroidManifest.xml:2:1309-1418
50            android:hardwareAccelerated="false"
50-->Android\gen\AndroidManifest.xml:2:1463-1498
51            android:theme="@android:style/Theme.Dialog" />
51-->Android\gen\AndroidManifest.xml:2:1419-1462
52        <activity
52-->Android\gen\AndroidManifest.xml:2:1500-1793
53            android:name="com.masociete.wm_todo_list.wdgen.GWDFFEN_Accueil$WDActiviteFenetre"
53-->Android\gen\AndroidManifest.xml:2:1510-1565
54            android:configChanges="keyboardHidden|orientation|screenSize|keyboard|smallestScreenSize|screenLayout|uiMode"
54-->Android\gen\AndroidManifest.xml:2:1566-1675
55            android:hardwareAccelerated="false"
55-->Android\gen\AndroidManifest.xml:2:1756-1791
56            android:screenOrientation="sensorPortrait"
56-->Android\gen\AndroidManifest.xml:2:1713-1755
57            android:theme="@android:style/Theme" />
57-->Android\gen\AndroidManifest.xml:2:1676-1712
58
59        <uses-library
59-->Android\gen\AndroidManifest.xml:2:1793-1871
60            android:name="org.apache.http.legacy"
60-->Android\gen\AndroidManifest.xml:2:1807-1844
61            android:required="false" />
61-->Android\gen\AndroidManifest.xml:2:1845-1869
62
63        <activity
63-->Android\gen\AndroidManifest.xml:2:1871-2100
64            xmlns:android="http://schemas.android.com/apk/res/android"
64-->Android\gen\AndroidManifest.xml:2:1881-1939
65            android:name="fr.pcsoft.wdjava.ui.activite.WDActivite$BlankActivity"
65-->Android\gen\AndroidManifest.xml:2:1940-2008
66            android:theme="@style/Theme.AppCompat.Light.NoActionBar.Translucent" />
66-->Android\gen\AndroidManifest.xml:2:2009-2077
67        <activity
67-->Android\gen\AndroidManifest.xml:2:2100-2465
68            xmlns:android="http://schemas.android.com/apk/res/android"
68-->Android\gen\AndroidManifest.xml:2:2110-2168
69            android:name="fr.pcsoft.wdjava.ui.searchbar.WDSearchActivity"
69-->Android\gen\AndroidManifest.xml:2:2169-2230
70            android:label="@string/app_name" >
70-->Android\gen\AndroidManifest.xml:2:2231-2263
71            <intent-filter>
71-->Android\gen\AndroidManifest.xml:2:2285-2369
72                <action android:name="android.intent.action.SEARCH" />
72-->Android\gen\AndroidManifest.xml:2:2300-2353
72-->Android\gen\AndroidManifest.xml:2:2308-2351
73            </intent-filter>
74
75            <meta-data
75-->Android\gen\AndroidManifest.xml:2:2369-2454
76                android:name="android.app.searchable"
76-->Android\gen\AndroidManifest.xml:2:2380-2417
77                android:resource="@xml/searchable" />
77-->Android\gen\AndroidManifest.xml:2:2418-2452
78        </activity>
79
80        <provider
80-->Android\gen\AndroidManifest.xml:2:2465-2691
81            xmlns:android="http://schemas.android.com/apk/res/android"
81-->Android\gen\AndroidManifest.xml:2:2475-2533
82            android:name="fr.pcsoft.wdjava.ui.searchbar.WDSearchHistory"
82-->Android\gen\AndroidManifest.xml:2:2534-2594
83            android:authorities="com.masociete.wm_todo_list"
83-->Android\gen\AndroidManifest.xml:2:2620-2668
84            android:exported="false" />
84-->Android\gen\AndroidManifest.xml:2:2595-2619
85
86        <activity
86-->Android\gen\AndroidManifest.xml:2:2691-2912
87            xmlns:android="http://schemas.android.com/apk/res/android"
87-->Android\gen\AndroidManifest.xml:2:2701-2759
88            android:name="fr.pcsoft.wdjava.core.erreur.report.WDErrorReportActivity"
88-->Android\gen\AndroidManifest.xml:2:2760-2832
89            android:theme="@android:style/Theme.DeviceDefault.Light" />
89-->Android\gen\AndroidManifest.xml:2:2833-2889
90
91        <provider
91-->Android\gen\AndroidManifest.xml:2:2912-3287
92            xmlns:android="http://schemas.android.com/apk/res/android"
92-->Android\gen\AndroidManifest.xml:2:2922-2980
93            android:name="androidx.core.content.FileProvider"
93-->Android\gen\AndroidManifest.xml:2:2981-3030
94            android:authorities="com.masociete.wm_todo_list.fileprovider"
94-->Android\gen\AndroidManifest.xml:2:3031-3092
95            android:exported="false"
95-->Android\gen\AndroidManifest.xml:2:3093-3117
96            android:grantUriPermissions="true" >
96-->Android\gen\AndroidManifest.xml:2:3118-3152
97            <meta-data
97-->Android\gen\AndroidManifest.xml:2:3174-3276
98                android:name="android.support.FILE_PROVIDER_PATHS"
98-->Android\gen\AndroidManifest.xml:2:3185-3235
99                android:resource="@xml/provider_paths" />
99-->Android\gen\AndroidManifest.xml:2:3236-3274
100        </provider>
101
102        <receiver
102-->Android\gen\AndroidManifest.xml:2:3287-3485
103            xmlns:android="http://schemas.android.com/apk/res/android"
103-->Android\gen\AndroidManifest.xml:2:3297-3355
104            android:name="fr.pcsoft.wdjava.core.utils.WDAppUtils$APKInstallBroadcastReceiver"
104-->Android\gen\AndroidManifest.xml:2:3356-3437
105            android:exported="false" />
105-->Android\gen\AndroidManifest.xml:2:3438-3462
106
107        <service android:name="fr.pcsoft.wdjava.core.service.WDServiceLocal" />
107-->Android\gen\AndroidManifest.xml:2:3485-3555
107-->Android\gen\AndroidManifest.xml:2:3494-3553
108
109        <meta-data
109-->Android\gen\AndroidManifest.xml:2:3555-3638
110            android:name="fr.pcsoft.first_window_name"
110-->Android\gen\AndroidManifest.xml:2:3566-3608
111            android:value="FEN_Accueil" />
111-->Android\gen\AndroidManifest.xml:2:3609-3636
112        <meta-data
112-->Android\gen\AndroidManifest.xml:2:3638-3717
113            android:name="fr.pcsoft.first_window_name_tablet"
113-->Android\gen\AndroidManifest.xml:2:3649-3698
114            android:value="" />
114-->Android\gen\AndroidManifest.xml:2:3699-3715
115        <meta-data
115-->Android\gen\AndroidManifest.xml:2:3717-3797
116            android:name="fr.pcsoft.splash_orientation_phone"
116-->Android\gen\AndroidManifest.xml:2:3728-3777
117            android:value="1" />
117-->Android\gen\AndroidManifest.xml:2:3778-3795
118        <meta-data
118-->Android\gen\AndroidManifest.xml:2:3797-3878
119            android:name="fr.pcsoft.splash_orientation_tablet"
119-->Android\gen\AndroidManifest.xml:2:3808-3858
120            android:value="4" />
120-->Android\gen\AndroidManifest.xml:2:3859-3876
121    </application>
122
123</manifest>